<?xml version="1.0" encoding="UTF-8"?>
<!-- Generated by org.testng.reporters.JUnitReportReporter -->
<testsuite hostname="admins-MacBook-Pro.local" failures="0" tests="1" name="qaacademy.TestProject2.ActionClass" time="12.941" errors="0" timestamp="2020-08-22T14:17:20 IST" skipped="0">
  <testcase classname="qaacademy.TestProject2.ActionClass" name="launch" time="12.941"/>
  <system-out/>
</testsuite> <!-- qaacademy.TestProject2.ActionClass -->
