<?xml version="1.0" encoding="UTF-8"?>
<!-- Generated by org.testng.reporters.JUnitReportReporter -->
<testsuite hostname="admins-MacBook-Pro.local" failures="0" tests="1" name="qaacademy.TestProject2.GreenCart" time="27.555" errors="0" timestamp="2020-08-22T14:16:54 IST" skipped="0">
  <testcase classname="qaacademy.TestProject2.GreenCart" name="purchase" time="27.555"/>
  <system-out/>
</testsuite> <!-- qaacademy.TestProject2.GreenCart -->
