<?xml version="1.0" encoding="UTF-8"?>
<!-- Generated by org.testng.reporters.JUnitReportReporter -->
<testsuite hostname="admins-MacBook-Pro.local" failures="0" tests="1" name="qaacademy.TestProject2.PracticeExample" time="6.718" errors="0" timestamp="2020-08-09T17:00:22 IST" skipped="0">
  <testcase classname="qaacademy.TestProject2.PracticeExample" name="matching" time="6.718"/>
  <system-out/>
</testsuite> <!-- qaacademy.TestProject2.PracticeExample -->
